2021-12-21 21:30:22,426:INFO: device: cuda:1
2021-12-21 21:30:22,426:INFO: --------Process Done!--------
2021-12-21 21:30:39,842:INFO: --------Dataset Build!--------
2021-12-21 21:30:39,843:INFO: --------Get Dataloader!--------
2021-12-21 21:30:45,545:INFO: --------Start Training!--------
2021-12-21 21:33:00,510:INFO: Epoch: 1, train loss: 1275.486820863025
2021-12-21 21:33:09,618:INFO: Epoch: 1, dev loss: 390.99739568373735, f1 score: 0.6156306216270238
2021-12-21 21:33:11,172:INFO: --------Save best model!--------
2021-12-21 21:35:25,316:INFO: Epoch: 2, train loss: 297.59832547128
2021-12-21 21:35:34,443:INFO: Epoch: 2, dev loss: 265.06512608247647, f1 score: 0.7439342289953879
2021-12-21 21:35:51,905:INFO: --------Save best model!--------
2021-12-21 21:38:05,874:INFO: Epoch: 3, train loss: 195.1804118392491
2021-12-21 21:38:14,994:INFO: Epoch: 3, dev loss: 253.1209748212029, f1 score: 0.7509337527029684
2021-12-21 21:38:32,692:INFO: --------Save best model!--------
2021-12-21 21:40:46,600:INFO: Epoch: 4, train loss: 146.08514532712425
2021-12-21 21:40:55,755:INFO: Epoch: 4, dev loss: 271.6457600313074, f1 score: 0.7690457097032879
2021-12-21 21:41:13,732:INFO: --------Save best model!--------
2021-12-21 21:43:27,602:INFO: Epoch: 5, train loss: 113.93161057324299
2021-12-21 21:43:36,740:INFO: Epoch: 5, dev loss: 285.0280667473288, f1 score: 0.7626352015732547
2021-12-21 21:45:50,827:INFO: Epoch: 6, train loss: 86.65922304663327
2021-12-21 21:45:59,930:INFO: Epoch: 6, dev loss: 318.07356239767637, f1 score: 0.766613924050633
2021-12-21 21:48:14,139:INFO: Epoch: 7, train loss: 66.9263182599159
2021-12-21 21:48:23,288:INFO: Epoch: 7, dev loss: 324.04567538990693, f1 score: 0.7709295322224453
2021-12-21 21:48:40,696:INFO: --------Save best model!--------
2021-12-21 21:50:54,553:INFO: Epoch: 8, train loss: 55.794950535588534
2021-12-21 21:51:03,642:INFO: Epoch: 8, dev loss: 349.75985987046187, f1 score: 0.7655445544554457
2021-12-21 21:53:17,851:INFO: Epoch: 9, train loss: 42.31606574105744
2021-12-21 21:53:26,957:INFO: Epoch: 9, dev loss: 365.5147233850816, f1 score: 0.7755929454692885
2021-12-21 21:53:44,457:INFO: --------Save best model!--------
2021-12-21 21:55:58,426:INFO: Epoch: 10, train loss: 32.62907021903362
2021-12-21 21:56:07,559:INFO: Epoch: 10, dev loss: 401.8293259564568, f1 score: 0.774727492935002
2021-12-21 21:58:21,637:INFO: Epoch: 11, train loss: 30.52384059263928
2021-12-21 21:58:30,766:INFO: Epoch: 11, dev loss: 421.0637471816119, f1 score: 0.7762084742391089
2021-12-21 21:58:48,734:INFO: --------Save best model!--------
2021-12-21 22:01:02,565:INFO: Epoch: 12, train loss: 22.776928533421884
2021-12-21 22:01:11,689:INFO: Epoch: 12, dev loss: 450.36141474106734, f1 score: 0.7904434095970845
2021-12-21 22:01:29,199:INFO: --------Save best model!--------
2021-12-21 22:03:43,051:INFO: Epoch: 13, train loss: 24.65040885497241
2021-12-21 22:03:52,150:INFO: Epoch: 13, dev loss: 453.30439444149243, f1 score: 0.7808136004857316
2021-12-21 22:06:06,480:INFO: Epoch: 14, train loss: 19.255541854959116
2021-12-21 22:06:15,611:INFO: Epoch: 14, dev loss: 465.02232046688306, f1 score: 0.7811860940695297
2021-12-21 22:08:29,677:INFO: Epoch: 15, train loss: 18.63958470813512
2021-12-21 22:08:38,791:INFO: Epoch: 15, dev loss: 537.327818926643, f1 score: 0.7761798663155762
2021-12-21 22:10:52,961:INFO: Epoch: 16, train loss: 16.183298217974873
2021-12-21 22:11:02,041:INFO: Epoch: 16, dev loss: 554.7088115916532, f1 score: 0.780130293159609
2021-12-21 22:13:15,969:INFO: Epoch: 17, train loss: 16.486787921918108
2021-12-21 22:13:25,106:INFO: Epoch: 17, dev loss: 584.2977070527918, f1 score: 0.7826787512588117
2021-12-21 22:15:39,109:INFO: Epoch: 18, train loss: 16.403409724975184
2021-12-21 22:15:48,240:INFO: Epoch: 18, dev loss: 607.9948515050552, f1 score: 0.7807160292921074
2021-12-21 22:18:02,368:INFO: Epoch: 19, train loss: 14.374704102871835
2021-12-21 22:18:11,634:INFO: Epoch: 19, dev loss: 599.0125481100644, f1 score: 0.7856998586144213
2021-12-21 22:20:25,864:INFO: Epoch: 20, train loss: 12.766929802721483
2021-12-21 22:20:35,022:INFO: Epoch: 20, dev loss: 659.4876987232882, f1 score: 0.7820408163265306
2021-12-21 22:22:50,268:INFO: Epoch: 21, train loss: 10.352282130678889
2021-12-21 22:22:59,450:INFO: Epoch: 21, dev loss: 691.8802858240464, f1 score: 0.7847389558232932
2021-12-21 22:25:14,012:INFO: Epoch: 22, train loss: 11.818312175989938
2021-12-21 22:25:23,145:INFO: Epoch: 22, dev loss: 667.3188575295841, f1 score: 0.787005076142132
2021-12-21 22:25:23,145:INFO: Best val f1: 0.7904434095970845
2021-12-21 22:25:23,145:INFO: Training Finished!
2021-12-21 22:25:25,559:INFO: --------Dataset Build!--------
2021-12-21 22:25:25,559:INFO: --------Get Data-loader!--------
2021-12-21 22:25:28,858:INFO: --------Load model from /home/csdn/Downloads/Github_repo/CLUENER2020/BERT-LSTM-CRF/experiments/clue/--------
2021-12-21 22:25:41,762:INFO: --------Bad Cases reserved !--------
2021-12-21 22:25:41,841:INFO: test loss: 477.7795993259975, f1 score: 0.7834658187599365
2021-12-21 22:25:41,841:INFO: f1 score of address: 0.6111833550065019
2021-12-21 22:25:41,841:INFO: f1 score of book: 0.7760252365930599
2021-12-21 22:25:41,841:INFO: f1 score of company: 0.7908163265306123
2021-12-21 22:25:41,841:INFO: f1 score of game: 0.8360128617363344
2021-12-21 22:25:41,841:INFO: f1 score of government: 0.7984496124031006
2021-12-21 22:25:41,841:INFO: f1 score of movie: 0.8082191780821917
2021-12-21 22:25:41,841:INFO: f1 score of name: 0.8860759493670886
2021-12-21 22:25:41,841:INFO: f1 score of organization: 0.7962466487935657
2021-12-21 22:25:41,841:INFO: f1 score of position: 0.7852193995381064
2021-12-21 22:25:41,841:INFO: f1 score of scene: 0.7209302325581395
